\BOOKMARK [0][-]{chapter.1}{\376\377\000I\000n\000t\000r\000o\000d\000u\000c\000t\000i\000o\000n}{}% 1
\BOOKMARK [0][-]{chapter.2}{\376\377\000S\000h\000a\000r\000e\000d\000\040\000L\000a\000n\000g\000u\000a\000g\000e}{}% 2
\BOOKMARK [1][-]{section.2.1}{\376\377\000P\000r\000o\000j\000e\000c\000t\000s}{chapter.2}% 3
\BOOKMARK [0][-]{chapter.3}{\376\377\000D\000i\000a\000g\000n\000o\000s\000i\000s}{}% 4
\BOOKMARK [0][-]{chapter.4}{\376\377\000C\000o\000n\000c\000e\000p\000t\000u\000a\000l\000\040\000A\000n\000a\000l\000y\000s\000i\000s}{}% 5
\BOOKMARK [1][-]{section.4.1}{\376\377\000P\000r\000o\000j\000e\000c\000t\000s}{chapter.4}% 6
\BOOKMARK [2][-]{subsection.4.1.1}{\376\377\000D\000e\000c\000l\000a\000r\000e\000d\000\040\000r\000e\000l\000a\000t\000i\000o\000n\000s}{section.4.1}% 7
\BOOKMARK [2][-]{subsection.4.1.2}{\376\377\000R\000u\000l\000e\000s}{section.4.1}% 8
\BOOKMARK [0][-]{chapter.5}{\376\377\000P\000r\000o\000c\000e\000s\000s\000\040\000A\000n\000a\000l\000y\000s\000i\000s}{}% 9
\BOOKMARK [1][-]{section.5.1}{\376\377\000P\000r\000o\000j\000e\000c\000t\000s}{chapter.5}% 10
\BOOKMARK [0][-]{chapter.6}{\376\377\000D\000a\000t\000a\000\040\000s\000t\000r\000u\000c\000t\000u\000r\000e}{}% 11
\BOOKMARK [1][-]{section.6.1}{\376\377\000R\000u\000l\000e\000s}{chapter.6}% 12
\BOOKMARK [2][-]{subsection.6.1.1}{\376\377\000P\000r\000o\000c\000e\000s\000s\000\040\000r\000u\000l\000e\000s}{section.6.1}% 13
\BOOKMARK [2][-]{subsection.6.1.2}{\376\377\000I\000n\000v\000a\000r\000i\000a\000n\000t\000s}{section.6.1}% 14
\BOOKMARK [1][-]{section.6.2}{\376\377\000L\000o\000g\000i\000c\000a\000l\000\040\000d\000a\000t\000a\000\040\000m\000o\000d\000e\000l}{chapter.6}% 15
\BOOKMARK [2][-]{subsection.6.2.1}{\376\377\000E\000n\000t\000i\000t\000y\000\040\000t\000y\000p\000e\000:\000\040\000A\000s\000s\000i\000g\000n\000m\000e\000n\000t}{section.6.2}% 16
\BOOKMARK [2][-]{subsection.6.2.2}{\376\377\000E\000n\000t\000i\000t\000y\000\040\000t\000y\000p\000e\000:\000\040\000P\000e\000r\000s\000o\000n}{section.6.2}% 17
\BOOKMARK [2][-]{subsection.6.2.3}{\376\377\000E\000n\000t\000i\000t\000y\000\040\000t\000y\000p\000e\000:\000\040\000P\000r\000o\000j\000e\000c\000t}{section.6.2}% 18
\BOOKMARK [1][-]{section.6.3}{\376\377\000T\000e\000c\000h\000n\000i\000c\000a\000l\000\040\000d\000a\000t\000a\000m\000o\000d\000e\000l}{chapter.6}% 19
\BOOKMARK [2][-]{subsection.6.3.1}{\376\377\000T\000a\000b\000l\000e\000:\000\040\000A\000s\000s\000i\000g\000n\000m\000e\000n\000t}{section.6.3}% 20
\BOOKMARK [2][-]{subsection.6.3.2}{\376\377\000T\000a\000b\000l\000e\000:\000\040\000D\000a\000t\000e}{section.6.3}% 21
\BOOKMARK [2][-]{subsection.6.3.3}{\376\377\000T\000a\000b\000l\000e\000:\000\040\000D\000e\000s\000c\000r\000i\000p\000t\000i\000o\000n}{section.6.3}% 22
\BOOKMARK [2][-]{subsection.6.3.4}{\376\377\000T\000a\000b\000l\000e\000:\000\040\000E\000m\000a\000i\000l}{section.6.3}% 23
\BOOKMARK [2][-]{subsection.6.3.5}{\376\377\000T\000a\000b\000l\000e\000:\000\040\000m\000e\000m\000b\000e\000r}{section.6.3}% 24
\BOOKMARK [2][-]{subsection.6.3.6}{\376\377\000T\000a\000b\000l\000e\000:\000\040\000P\000e\000r\000s\000o\000n}{section.6.3}% 25
\BOOKMARK [2][-]{subsection.6.3.7}{\376\377\000T\000a\000b\000l\000e\000:\000\040\000P\000e\000r\000s\000o\000n\000N\000a\000m\000e}{section.6.3}% 26
\BOOKMARK [2][-]{subsection.6.3.8}{\376\377\000T\000a\000b\000l\000e\000:\000\040\000P\000e\000r\000s\000o\000n\000S\000t\000a\000t\000u\000s}{section.6.3}% 27
\BOOKMARK [2][-]{subsection.6.3.9}{\376\377\000T\000a\000b\000l\000e\000:\000\040\000p\000l}{section.6.3}% 28
\BOOKMARK [2][-]{subsection.6.3.10}{\376\377\000T\000a\000b\000l\000e\000:\000\040\000P\000r\000o\000j\000e\000c\000t}{section.6.3}% 29
\BOOKMARK [2][-]{subsection.6.3.11}{\376\377\000T\000a\000b\000l\000e\000:\000\040\000P\000r\000o\000j\000e\000c\000t\000N\000a\000m\000e}{section.6.3}% 30
\BOOKMARK [2][-]{subsection.6.3.12}{\376\377\000T\000a\000b\000l\000e\000:\000\040\000P\000r\000o\000j\000e\000c\000t\000S\000t\000a\000t\000u\000s}{section.6.3}% 31
\BOOKMARK [2][-]{subsection.6.3.13}{\376\377\000T\000a\000b\000l\000e\000:\000\040\000S\000E\000S\000S\000I\000O\000N}{section.6.3}% 32
\BOOKMARK [2][-]{subsection.6.3.14}{\376\377\000T\000a\000b\000l\000e\000:\000\040\000w\000o\000r\000k\000s\000w\000i\000t\000h}{section.6.3}% 33
\BOOKMARK [1][-]{section.6.4}{\376\377\000L\000o\000g\000i\000c\000a\000l\000\040\000d\000a\000t\000a\000\040\000m\000o\000d\000e\000l}{chapter.6}% 34
\BOOKMARK [0][-]{chapter.7}{\376\377\000I\000n\000t\000e\000r\000f\000a\000c\000e\000:\000\040\000`\000`\000S\000t\000a\000r\000t\000e\000d\000\040\000p\000r\000o\000j\000e\000c\000t\000s\000'\000'}{}% 35
\BOOKMARK [0][-]{chapter.8}{\376\377\000I\000n\000t\000e\000r\000f\000a\000c\000e\000:\000\040\000`\000`\000U\000n\000s\000t\000a\000r\000t\000e\000d\000\040\000p\000r\000o\000j\000e\000c\000t\000s\000'\000'}{}% 36
\BOOKMARK [0][-]{chapter.9}{\376\377\000I\000n\000t\000e\000r\000f\000a\000c\000e\000:\000\040\000`\000`\000P\000e\000o\000p\000l\000e\000'\000'}{}% 37
\BOOKMARK [0][-]{chapter.10}{\376\377\000I\000n\000t\000e\000r\000f\000a\000c\000e\000:\000\040\000`\000`\000P\000r\000o\000j\000e\000c\000t\000'\000'}{}% 38
\BOOKMARK [0][-]{chapter.11}{\376\377\000I\000n\000t\000e\000r\000f\000a\000c\000e\000:\000\040\000`\000`\000P\000e\000r\000s\000o\000n\000'\000'}{}% 39
